[    0.000000] Initializing cgroup subsys cpuset
[    0.000000] Initializing cgroup subsys cpu
[    0.000000] Initializing cgroup subsys cpuacct
[    0.000000] Linux version 4.4.0-210-generic (buildd@lgw01-amd64-009) (gcc version 5.4.0 20160609 (Ubuntu 5.4.0-6ubuntu1~16.04.12) ) #242-Ubuntu SMP Fri Apr 16 09:57:56 UTC 2021 (Ubuntu 4.4.0-210.242-generic 4.4.262)
[    0.000000] Command line: BOOT_IMAGE=/boot/vmlinuz-4.4.0-210-generic root=LABEL=cloudimg-rootfs ro console=tty1 console=ttyS0
[    0.000000] KERNEL supported cpus:
[    0.000000]   Intel GenuineIntel
[    0.000000]   AMD AuthenticAMD
[    0.000000]   Centaur CentaurHauls
[    0.000000] x86/fpu: Legacy x87 FPU detected.
[    0.000000] e820: BIOS-provided physical RAM map:
[    0.000000] BIOS-e820: [mem 0x0000000000000000-0x000000000009fbff] usable
[    0.000000] BIOS-e820: [mem 0x000000000009fc00-0x000000000009ffff] reserved
[    0.000000] BIOS-e820: [mem 0x00000000000f0000-0x00000000000fffff] reserved
[    0.000000] BIOS-e820: [mem 0x0000000000100000-0x000000003ffeffff] usable
[    0.000000] BIOS-e820: [mem 0x000000003fff0000-0x000000003fffffff] ACPI data
[    0.000000] BIOS-e820: [mem 0x00000000fec00000-0x00000000fec00fff] reserved
[    0.000000] BIOS-e820: [mem 0x00000000fee00000-0x00000000fee00fff] reserved
[    0.000000] BIOS-e820: [mem 0x00000000fffc0000-0x00000000ffffffff] reserved
[    0.000000] NX (Execute Disable) protection: active
[    0.000000] SMBIOS 2.5 present.
[    0.000000] Hypervisor detected: KVM
[    0.000000] e820: last_pfn = 0x3fff0 max_arch_pfn = 0x400000000
[    0.000000] MTRR: Disabled
[    0.000000] x86/PAT: MTRRs disabled, skipping PAT initialization too.
[    0.000000] CPU MTRRs all blank - virtualized system.
[    0.000000] x86/PAT: Configuration [0-7]: WB  WT  UC- UC  WB  WT  UC- UC  
[    0.000000] found SMP MP-table at [mem 0x0009fff0-0x0009ffff] mapped at [ffff88000009fff0]
[    0.000000] Scanning 1 areas for low memory corruption
[    0.000000] RAMDISK: [mem 0x362dc000-0x37165fff]
[    0.000000] ACPI: Early table checksum verification disabled
[    0.000000] ACPI: RSDP 0x00000000000E0000 000024 (v02 VBOX  )
[    0.000000] ACPI: XSDT 0x000000003FFF0030 00003C (v01 VBOX   VBOXXSDT 00000001 ASL  00000061)
[    0.000000] ACPI: FACP 0x000000003FFF00F0 0000F4 (v04 VBOX   VBOXFACP 00000001 ASL  00000061)
[    0.000000] ACPI: DSDT 0x000000003FFF0470 002325 (v02 VBOX   VBOXBIOS 00000002 INTL 20100528)
[    0.000000] ACPI: FACS 0x000000003FFF0200 000040
[    0.000000] ACPI: FACS 0x000000003FFF0200 000040
[    0.000000] ACPI: APIC 0x000000003FFF0240 00005C (v02 VBOX   VBOXAPIC 00000001 ASL  00000061)
[    0.000000] ACPI: SSDT 0x000000003FFF02A0 0001CC (v01 VBOX   VBOXCPUT 00000002 INTL 20100528)
[    0.000000] No NUMA configuration found
[    0.000000] Faking a node at [mem 0x0000000000000000-0x000000003ffeffff]
[    0.000000] NODE_DATA(0) allocated [mem 0x3ffeb000-0x3ffeffff]
[    0.000000] kvm-clock: Using msrs 4b564d01 and 4b564d00
[    0.000000] kvm-clock: cpu 0, msr 0:3ffe3001, primary cpu clock
[    0.000000] kvm-clock: using sched offset of 5370894379 cycles
[    0.000000] clocksource: kvm-clock: mask: 0xffffffffffffffff max_cycles: 0x1cd42e4dffb, max_idle_ns: 881590591483 ns
[    0.000000] Zone ranges:
[    0.000000]   DMA      [mem 0x0000000000001000-0x0000000000ffffff]
[    0.000000]   DMA32    [mem 0x0000000001000000-0x000000003ffeffff]
[    0.000000]   Normal   empty
[    0.000000]   Device   empty
[    0.000000] Movable zone start for each node
[    0.000000] Early memory node ranges
[    0.000000]   node   0: [mem 0x0000000000001000-0x000000000009efff]
[    0.000000]   node   0: [mem 0x0000000000100000-0x000000003ffeffff]
[    0.000000] Initmem setup node 0 [mem 0x0000000000001000-0x000000003ffeffff]
[    0.000000] ACPI: PM-Timer IO Port: 0x4008
[    0.000000] IOAPIC[0]: apic_id 2, version 32, address 0xfec00000, GSI 0-23
[    0.000000] ACPI: INT_SRC_OVR (bus 0 bus_irq 0 global_irq 2 dfl dfl)
[    0.000000] ACPI: INT_SRC_OVR (bus 0 bus_irq 9 global_irq 9 low level)
[    0.000000] Using ACPI (MADT) for SMP configuration information
[    0.000000] smpboot: Allowing 2 CPUs, 0 hotplug CPUs
[    0.000000] PM: Registered nosave memory: [mem 0x00000000-0x00000fff]
[    0.000000] PM: Registered nosave memory: [mem 0x0009f000-0x0009ffff]
[    0.000000] PM: Registered nosave memory: [mem 0x000a0000-0x000effff]
[    0.000000] PM: Registered nosave memory: [mem 0x000f0000-0x000fffff]
[    0.000000] e820: [mem 0x40000000-0xfebfffff] available for PCI devices
[    0.000000] Booting paravirtualized kernel on KVM
[    0.000000] clocksource: refined-jiffies: mask: 0xffffffff max_cycles: 0xffffffff, max_idle_ns: 7645519600211568 ns
[    0.000000] setup_percpu: NR_CPUS:512 nr_cpumask_bits:512 nr_cpu_ids:2 nr_node_ids:1
[    0.000000] PERCPU: Embedded 33 pages/cpu @ffff88003fc00000 s95192 r8192 d31784 u1048576
[    0.000000] Built 1 zonelists in Node order, mobility grouping on.  Total pages: 257912
[    0.000000] Policy zone: DMA32
[    0.000000] Kernel command line: BOOT_IMAGE=/boot/vmlinuz-4.4.0-210-generic root=LABEL=cloudimg-rootfs ro console=tty1 console=ttyS0
[    0.000000] PID hash table entries: 4096 (order: 3, 32768 bytes)
[    0.000000] Memory: 997792K/1048120K available (8644K kernel code, 1332K rwdata, 4044K rodata, 1492K init, 1164K bss, 50328K reserved, 0K cma-reserved)
[    0.000000] SLUB: HWalign=64, Order=0-3, MinObjects=0, CPUs=2, Nodes=1
[    0.000000] Kernel/User page tables isolation: enabled
[    0.000000] Hierarchical RCU implementation.
[    0.000000] 	Build-time adjustment of leaf fanout to 64.
[    0.000000] 	RCU restricting CPUs from NR_CPUS=512 to nr_cpu_ids=2.
[    0.000000] RCU: Adjusting geometry for rcu_fanout_leaf=64, nr_cpu_ids=2
[    0.000000] NR_IRQS:33024 nr_irqs:440 16
[    0.000000] Console: colour VGA+ 80x25
[    0.000000] console [tty1] enabled
[    0.000000] console [ttyS0] enabled
[    0.000000] tsc: Detected 2208.010 MHz processor
[    0.622112] Calibrating delay loop (skipped) preset value.. 4416.02 BogoMIPS (lpj=8832040)
[    0.632255] pid_max: default: 32768 minimum: 301
[    0.640397] ACPI: Core revision 20150930
[    0.649075] ACPI: 2 ACPI AML tables successfully acquired and loaded
[    0.659042] Security Framework initialized
[    0.665909] Yama: becoming mindful.
[    0.669510] AppArmor: AppArmor initialized
[    0.673605] Dentry cache hash table entries: 131072 (order: 8, 1048576 bytes)
[    0.686838] Inode-cache hash table entries: 65536 (order: 7, 524288 bytes)
[    0.699507] Mount-cache hash table entries: 2048 (order: 2, 16384 bytes)
[    0.711490] Mountpoint-cache hash table entries: 2048 (order: 2, 16384 bytes)
[    0.725501] Initializing cgroup subsys io
[    0.730306] Initializing cgroup subsys memory
[    0.735244] Initializing cgroup subsys devices
[    0.743230] Initializing cgroup subsys freezer
[    0.749886] Initializing cgroup subsys net_cls
[    0.754250] Initializing cgroup subsys perf_event
[    0.759316] Initializing cgroup subsys net_prio
[    0.765746] Initializing cgroup subsys hugetlb
[    0.770381] Initializing cgroup subsys pids
[    0.778021] mce: CPU supports 0 MCE banks
[    0.782395] Last level iTLB entries: 4KB 64, 2MB 8, 4MB 8
[    0.789863] Last level dTLB entries: 4KB 64, 2MB 0, 4MB 0, 1GB 4
[    0.795955] Spectre V1 : Mitigation: usercopy/swapgs barriers and __user pointer sanitization
[    0.810841] Spectre V2 : Mitigation: Full generic retpoline
[    0.819214] Spectre V2 : Spectre v2 / SpectreRSB mitigation: Filling RSB on context switch
[    0.832426] Speculative Store Bypass: Vulnerable
[    0.838147] MDS: Mitigation: Clear CPU buffers
[    0.881643] Freeing SMP alternatives memory: 36K
[    0.969190] ftrace: allocating 32380 entries in 127 pages
[    1.553757] smpboot: APIC(0) Converting physical 0 to logical package 0
[    1.560616] smpboot: Max logical packages: 1
[    1.579128] ..TIMER: vector=0x30 apic1=0 pin1=2 apic2=-1 pin2=-1
[    1.694717] smpboot: CPU0: Intel(R) Core(TM) i7-8750H CPU @ 2.20GHz (family: 0x6, model: 0x9e, stepping: 0xa)
[    1.707054] Performance Events: unsupported p6 CPU model 158 no PMU driver, software events only.
[    1.809500] KVM setup paravirtual spinlock
[    1.816510] x86: Booting SMP configuration:
[    1.821114] .... node  #0, CPUs:      #1
[    1.826468] kvm-clock: cpu 1, msr 0:3ffe3041, secondary cpu clock
[    1.831411] mce: CPU supports 0 MCE banks
[    1.835405] TSC synchronization [CPU#0 -> CPU#1]:
[    1.839793] Measured 67489 cycles TSC warp between CPUs, turning off TSC clock.
[    1.846368] tsc: Marking TSC unstable due to check_tsc_sync_source failed
[    0.562364] x86: Booted up 1 node, 2 CPUs
[    0.564004] smpboot: Total of 2 processors activated (8832.04 BogoMIPS)
[    0.572578] devtmpfs: initialized
[    0.577795] evm: security.selinux
[    0.580006] evm: security.SMACK64
[    0.584003] evm: security.SMACK64EXEC
[    0.588002] evm: security.SMACK64TRANSMUTE
[    0.592002] evm: security.SMACK64MMAP
[    0.596002] evm: security.ima
[    0.598718] evm: security.capability
[    0.604241] clocksource: jiffies: mask: 0xffffffff max_cycles: 0xffffffff, max_idle_ns: 7645041785100000 ns
[    0.608010] futex hash table entries: 512 (order: 3, 32768 bytes)
[    0.616150] pinctrl core: initialized pinctrl subsystem
[    0.620403] RTC time:  0:55:59, date: 03/02/22
[    0.625027] NET: Registered protocol family 16
[    0.640009] cpuidle: using governor ladder
[    0.656014] cpuidle: using governor menu
[    0.660113] PCCT header not found.
[    0.663354] ACPI: bus type PCI registered
[    0.664006] acpiphp: ACPI Hot Plug PCI Controller Driver version: 0.5
[    0.668493] PCI: Using configuration type 1 for base access
[    0.696227] ACPI: Added _OSI(Module Device)
[    0.700004] ACPI: Added _OSI(Processor Device)
[    0.704002] ACPI: Added _OSI(3.0 _SCP Extensions)
[    0.708003] ACPI: Added _OSI(Processor Aggregator Device)
[    0.716371] ACPI: Executed 1 blocks of module-level executable AML code
[    0.727553] ACPI: Interpreter enabled
[    0.728013] ACPI: (supports S0 S5)
[    0.731233] ACPI: Using IOAPIC for interrupt routing
[    0.732348] PCI: Using host bridge windows from ACPI; if necessary, use "pci=nocrs" and report a bug
[    0.744002] ACPI: PCI Root Bridge [PCI0] (domain 0000 [bus 00-ff])
[    0.748007] acpi PNP0A03:00: _OSC: OS supports [ASPM ClockPM Segments MSI]
[    0.752666] acpi PNP0A03:00: _OSC: not requesting OS control; OS requires [ExtendedConfig ASPM ClockPM MSI]
[    0.756047] acpi PNP0A03:00: fail to add MMCONFIG information, can't access extended PCI configuration space under this bridge.
[    0.760723] PCI host bridge to bus 0000:00
[    0.764004] pci_bus 0000:00: root bus resource [io  0x0000-0x0cf7 window]
[    0.768004] pci_bus 0000:00: root bus resource [io  0x0d00-0xffff window]
[    0.772004] pci_bus 0000:00: root bus resource [mem 0x000a0000-0x000bffff window]
[    0.776006] pci_bus 0000:00: root bus resource [mem 0x40000000-0xfdffffff window]
[    0.780006] pci_bus 0000:00: root bus resource [bus 00-ff]
[    0.792851] pci 0000:00:01.1: legacy IDE quirk: reg 0x10: [io  0x01f0-0x01f7]
[    0.796004] pci 0000:00:01.1: legacy IDE quirk: reg 0x14: [io  0x03f6]
[    0.800003] pci 0000:00:01.1: legacy IDE quirk: reg 0x18: [io  0x0170-0x0177]
[    0.804006] pci 0000:00:01.1: legacy IDE quirk: reg 0x1c: [io  0x0376]
[    0.884144] pci 0000:00:07.0: quirk: [io  0x4000-0x403f] claimed by PIIX4 ACPI
[    0.904045] pci 0000:00:07.0: quirk: [io  0x4100-0x410f] claimed by PIIX4 SMB
[    0.940263] ACPI: PCI Interrupt Link [LNKA] (IRQs 5 9 10 *11)
[    0.988503] ACPI: PCI Interrupt Link [LNKB] (IRQs 5 9 *10 11)
[    1.005637] ACPI: PCI Interrupt Link [LNKC] (IRQs 5 *9 10 11)
[    1.024207] ACPI: PCI Interrupt Link [LNKD] (IRQs 5 9 10 *11)
[    1.041924] ACPI: Enabled 2 GPEs in block 00 to 07
[    1.052233] vgaarb: setting as boot device: PCI:0000:00:02.0
[    1.056000] vgaarb: device added: PCI:0000:00:02.0,decodes=io+mem,owns=io+mem,locks=none
[    1.076005] vgaarb: loaded
[    1.084004] vgaarb: bridge control possible 0000:00:02.0
[    1.092529] SCSI subsystem initialized
[    1.100111] ACPI: bus type USB registered
[    1.108018] usbcore: registered new interface driver usbfs
[    1.120041] usbcore: registered new interface driver hub
[    1.128010] usbcore: registered new device driver usb
[    1.136295] PCI: Using ACPI for IRQ routing
[    1.140808] NetLabel: Initializing
[    1.144002] NetLabel:  domain hash size = 128
[    1.152002] NetLabel:  protocols = UNLABELED CIPSOv4
[    1.156015] NetLabel:  unlabeled traffic allowed by default
[    1.160094] amd_nb: Cannot enumerate AMD northbridges
[    1.164272] clocksource: Switched to clocksource kvm-clock
[    1.204813] AppArmor: AppArmor Filesystem Enabled
[    1.209794] pnp: PnP ACPI init
[    1.214831] pnp: PnP ACPI: found 3 devices
[    1.227180] clocksource: acpi_pm: mask: 0xffffff max_cycles: 0xffffff, max_idle_ns: 2085701024 ns
[    1.237020] NET: Registered protocol family 2
[    1.243196] TCP established hash table entries: 8192 (order: 4, 65536 bytes)
[    1.250375] TCP bind hash table entries: 8192 (order: 5, 131072 bytes)
[    1.254331] TCP: Hash tables configured (established 8192 bind 8192)
[    1.254331] UDP hash table entries: 512 (order: 2, 16384 bytes)
[    1.254331] UDP-Lite hash table entries: 512 (order: 2, 16384 bytes)
[    1.274311] NET: Registered protocol family 1
[    1.279131] pci 0000:00:00.0: Limiting direct PCI/PCI transfers
[    1.283078] pci 0000:00:01.0: Activating ISA DMA hang workarounds
[    1.283078] Unpacking initramfs...
[    1.715053] Freeing initrd memory: 14888K
[    1.719862] clocksource: tsc: mask: 0xffffffffffffffff max_cycles: 0x1fd3c1c0afc, max_idle_ns: 440795274942 ns
[    1.729533] platform rtc_cmos: registered platform RTC device (no PNP device found)
[    1.737280] Scanning for low memory corruption every 60 seconds
[    1.744292] audit: initializing netlink subsys (disabled)
[    1.749530] audit: type=2000 audit(1646182565.682:1): initialized
[    1.755720] Initialise system trusted keyring
[    1.760861] HugeTLB registered 2 MB page size, pre-allocated 0 pages
[    1.769886] zbud: loaded
[    1.773152] VFS: Disk quotas dquot_6.6.0
[    1.777263] VFS: Dquot-cache hash table entries: 512 (order 0, 4096 bytes)
[    1.784586] squashfs: version 4.0 (2009/01/31) Phillip Lougher
[    1.791007] fuse init (API version 7.23)
[    1.795486] Key type big_key registered
[    1.799803] Allocating IMA MOK and blacklist keyrings.
[    1.812593] Key type asymmetric registered
[    1.817286] Asymmetric key parser 'x509' registered
[    1.824972] Block layer SCSI generic (bsg) driver version 0.4 loaded (major 249)
[    1.832651] io scheduler noop registered
[    1.837170] io scheduler deadline registered (default)
[    1.842649] io scheduler cfq registered
[    1.847201] pci_hotplug: PCI Hot Plug PCI Core version: 0.5
[    1.852899] pciehp: PCI Express Hot Plug Controller Driver version: 0.4
[    1.859584] ACPI: AC Adapter [AC] (on-line)
[    1.864478] input: Power Button as /devices/LNXSYSTM:00/LNXPWRBN:00/input/input0
[    1.871875] ACPI: Power Button [PWRF]
[    1.876664] input: Sleep Button as /devices/LNXSYSTM:00/LNXSLPBN:00/input/input1
[    1.884002] ACPI: Sleep Button [SLPF]
[    1.889036] GHES: HEST is not enabled!
[    1.890251] ACPI: Battery Slot [BAT0] (battery present)
[    1.899548] Serial: 8250/16550 driver, 32 ports, IRQ sharing enabled
[    1.936243] 00:02: ttyS0 at I/O 0x3f8 (irq = 4, base_baud = 115200) is a 16550A
[    1.946259] Linux agpgart interface v0.103
[    1.960888] loop: module loaded
[    1.967264] scsi host0: ata_piix
[    1.972361] scsi host1: ata_piix
[    1.975666] ata1: PATA max UDMA/33 cmd 0x1f0 ctl 0x3f6 bmdma 0xd000 irq 14
[    1.982750] ata2: PATA max UDMA/33 cmd 0x170 ctl 0x376 bmdma 0xd008 irq 15
[    1.989365] libphy: Fixed MDIO Bus: probed
[    1.994332] tun: Universal TUN/TAP device driver, 1.6
[    1.999369] tun: (C) 1999-2004 Max Krasnyansky <maxk@qualcomm.com>
[    2.005558] PPP generic driver version 2.4.2
[    2.010754] ehci_hcd: USB 2.0 'Enhanced' Host Controller (EHCI) Driver
[    2.017027] ehci-pci: EHCI PCI platform driver
[    2.021382] ehci-platform: EHCI generic platform driver
[    2.026456] ohci_hcd: USB 1.1 'Open' Host Controller (OHCI) Driver
[    2.032867] ohci-pci: OHCI PCI platform driver
[    2.037462] ohci-platform: OHCI generic platform driver
[    2.042462] uhci_hcd: USB Universal Host Controller Interface driver
[    2.048663] i8042: PNP: PS/2 Controller [PNP0303:PS2K,PNP0f03:PS2M] at 0x60,0x64 irq 1,12
[    2.061033] serio: i8042 KBD port at 0x60,0x64 irq 1
[    2.066869] serio: i8042 AUX port at 0x60,0x64 irq 12
[    2.071971] mousedev: PS/2 mouse device common for all mice
[    2.079021] input: AT Translated Set 2 keyboard as /devices/platform/i8042/serio0/input/input2
[    2.089627] rtc_cmos rtc_cmos: rtc core: registered rtc_cmos as rtc0
[    2.097962] rtc_cmos rtc_cmos: alarms up to one day, 114 bytes nvram
[    2.105062] i2c /dev entries driver
[    2.108880] device-mapper: uevent: version 1.0.3
[    2.113566] device-mapper: ioctl: 4.34.0-ioctl (2015-10-28) initialised: dm-devel@redhat.com
[    2.121638] ledtrig-cpu: registered to indicate activity on CPUs
[    2.130377] NET: Registered protocol family 10
[    2.136605] NET: Registered protocol family 17
[    2.141760] Key type dns_resolver registered
[    2.147192] registered taskstats version 1
[    2.152100] Loading compiled-in X.509 certificates
[    2.157215] Loaded X.509 cert 'Build time autogenerated kernel key: cf00e047681d67edb2720680708b7d9498083038'
[    2.166326] zswap: loaded using pool lzo/zbud
[    2.202408] Key type trusted registered
[    2.217225] Key type encrypted registered
[    2.221778] AppArmor: AppArmor sha1 policy hashing enabled
[    2.227017] ima: No TPM chip found, activating TPM-bypass!
[    2.232736] ima: Allocated hash algorithm: sha1
[    2.237472] evm: HMAC attrs: 0x1
[    2.242287]   Magic number: 14:18:910
[    2.246444] rtc_cmos rtc_cmos: setting system clock to 2022-03-02 00:56:00 UTC (1646182560)
[    2.254458] BIOS EDD facility v0.16 2004-Jun-25, 0 devices found
[    2.260244] EDD information not available.
[    2.266878] Freeing unused kernel memory: 1492K
[    2.280787] Write protecting the kernel read-only data: 14336k
[    2.287647] Freeing unused kernel memory: 1584K
[    2.292441] Freeing unused kernel memory: 52K
Loading, please wait...
starting version 229
[    2.322956] random: udevadm: uninitialized urandom read (16 bytes read, 5 bits of entropy available)
[    2.322987] random: systemd-udevd: uninitialized urandom read (16 bytes read, 5 bits of entropy available)
[    2.323043] random: systemd-udevd: uninitialized urandom read (16 bytes read, 5 bits of entropy available)
[    2.323051] random: systemd-udevd: uninitialized urandom read (16 bytes read, 5 bits of entropy available)
[    2.323060] random: systemd-udevd: uninitialized urandom read (16 bytes read, 5 bits of entropy available)
[    2.368318] random: udevadm: uninitialized urandom read (16 bytes read, 5 bits of entropy available)
[    2.385868] random: systemd-udevd: uninitialized urandom read (16 bytes read, 5 bits of entropy available)
[    2.388542] random: udevadm: uninitialized urandom read (16 bytes read, 5 bits of entropy available)
[    2.388573] random: udevadm: uninitialized urandom read (16 bytes read, 5 bits of entropy available)
[    2.388723] random: udevadm: uninitialized urandom read (16 bytes read, 5 bits of entropy available)
[    2.463394] e1000: Intel(R) PRO/1000 Network Driver - version 7.3.21-k8-NAPI
[    2.463425] Fusion MPT base driver 3.04.20
[    2.463427] Copyright (c) 1999-2008 LSI Corporation
[    2.479162] e1000: Copyright (c) 1999-2006 Intel Corporation.
[    2.513311] Fusion MPT SPI Host driver 3.04.20
[    2.787126] input: ImExPS/2 Generic Explorer Mouse as /devices/platform/i8042/serio1/input/input4
[    3.315934] e1000 0000:00:03.0 eth0: (PCI:33MHz:32-bit) 02:be:82:6b:cc:1d
[    3.322494] e1000 0000:00:03.0 eth0: Intel(R) PRO/1000 Network Connection
[    4.523119] e1000 0000:00:08.0 eth1: (PCI:33MHz:32-bit) 08:00:27:bd:f7:a1
[    4.529806] e1000 0000:00:08.0 eth1: Intel(R) PRO/1000 Network Connection
[    4.539422] e1000 0000:00:03.0 enp0s3: renamed from eth0
[    4.546715] mptbase: ioc0: Initiating bringup
[    4.560712] e1000 0000:00:08.0 enp0s8: renamed from eth1
[    4.618758] ioc0: LSI53C1030 A0: Capabilities={Initiator}
[    4.801326] scsi host2: ioc0: LSI53C1030 A0, FwRev=00000000h, Ports=1, MaxQ=256, IRQ=20
[    4.922093] scsi 2:0:0:0: Direct-Access     VBOX     HARDDISK         1.0  PQ: 0 ANSI: 5
[    4.930286] scsi target2:0:0: Beginning Domain Validation
[    4.942214] scsi target2:0:0: Domain Validation skipping write tests
[    4.948178] scsi target2:0:0: Ending Domain Validation
[    4.953819] scsi target2:0:0: asynchronous
[    4.961119] scsi 2:0:1:0: Direct-Access     VBOX     HARDDISK         1.0  PQ: 0 ANSI: 5
[    4.969803] scsi target2:0:1: Beginning Domain Validation
[    4.982110] scsi target2:0:1: Domain Validation skipping write tests
[    4.988273] scsi target2:0:1: Ending Domain Validation
[    4.993713] scsi target2:0:1: asynchronous
[    5.028773] sd 2:0:0:0: Attached scsi generic sg0 type 0
[    5.035039] sd 2:0:1:0: Attached scsi generic sg1 type 0
[    5.035124] sd 2:0:0:0: [sda] 83886080 512-byte logical blocks: (42.9 GB/40.0 GiB)
[    5.056460] sd 2:0:1:0: [sdb] 20480 512-byte logical blocks: (10.5 MB/10.0 MiB)
[    5.063866] sd 2:0:0:0: [sda] Write Protect is off
[    5.069631] sd 2:0:1:0: [sdb] Write Protect is off
[    5.069665] sd 2:0:0:0: [sda] Incomplete mode parameter data
[    5.069666] sd 2:0:0:0: [sda] Assuming drive cache: write through
[    5.088358] sd 2:0:1:0: [sdb] Incomplete mode parameter data
[    5.094333] sd 2:0:1:0: [sdb] Assuming drive cache: write through
[    5.104199]  sda: sda1
[    5.110860] sd 2:0:0:0: [sda] Attached SCSI disk
[    5.273844] sd 2:0:1:0: [sdb] Attached SCSI disk
Begin: Loading essential drivers ... [    7.396567] md: linear personality registered for level -1
[    7.407522] md: multipath personality registered for level -4
[    7.416884] md: raid0 personality registered for level 0
[    7.436861] md: raid1 personality registered for level 1
[    7.511986] raid6: sse2x1   gen() 12506 MB/s
[    7.584040] raid6: sse2x1   xor()  9162 MB/s
[    7.656088] raid6: sse2x2   gen() 14716 MB/s
[    7.728494] raid6: sse2x2   xor() 11120 MB/s
[    7.800635] raid6: sse2x4   gen() 17432 MB/s
[    7.872015] raid6: sse2x4   xor() 12281 MB/s
[    7.876565] raid6: using algorithm sse2x4 gen() 17432 MB/s
[    7.881494] raid6: .... xor() 12281 MB/s, rmw enabled
[    7.886297] raid6: using ssse3x2 recovery algorithm
[    7.894119] xor: measuring software checksum speed
[   13.353026]    prefetch64-sse: 365463.704 MB/sec
[   13.461042]    generic_sse: 48782.000 MB/sec
[   13.467119] xor: using function: prefetch64-sse (365463.704 MB/sec)
[   13.476394] async_tx: api initialized (async)
[   13.530043] md: raid6 personality registered for level 6
[   13.535434] md: raid5 personality registered for level 5
[   13.540452] md: raid4 personality registered for level 4
[   13.568048] md: raid10 personality registered for level 10
done.
Begin: Running /scripts/init-premount ... done.
Begin: Mounting root file system ... Begin: Running /scripts/local-top ... done.
Begin: Running /scripts/local-premount ... [   13.648505] Btrfs loaded
Scanning for Btrfs filesystems
done.
Warning: fsck not present, so skipping root file system
[   13.986043] EXT4-fs (sda1): mounted filesystem with ordered data mode. Opts: (null)
done.
Begin: Running /scripts/local-bottom ... done.
Begin: Running /scripts/init-bottom ... done.
[   15.297810] random: nonblocking pool is initialized
[   15.470934] systemd[1]: systemd 229 running in system mode. (+PAM +AUDIT +SELINUX +IMA +APPARMOR +SMACK +SYSVINIT +UTMP +LIBCRYPTSETUP +GCRYPT +GNUTLS +ACL +XZ -LZ4 +SECCOMP +BLKID +ELFUTILS +KMOD -IDN)
[   15.487235] systemd[1]: Detected virtualization oracle.
[   15.492044] systemd[1]: Detected architecture x86-64.

Welcome to [1mUbuntu 16.04.7 LTS[0m!

[   15.652528] systemd[1]: Set hostname to <ubuntu>.
[   15.663797] systemd[1]: Initializing machine ID from random generator.
[   15.670857] systemd[1]: Installed transient /etc/machine-id file.
[   16.575147] systemd[1]: Listening on Device-mapper event daemon FIFOs.
[[0;32m  OK  [0m] Listening on Device-mapper event daemon FIFOs.
[   16.585360] systemd[1]: Reached target System Time Synchronized.
[[0;32m  OK  [0m] Reached target System Time Synchronized.
[   16.594076] systemd[1]: Listening on /dev/initctl Compatibility Named Pipe.
[[0;32m  OK  [0m] Listening on /dev/initctl Compatibility Named Pipe.
[   16.604501] systemd[1]: Listening on LVM2 poll daemon socket.
[[0;32m  OK  [0m] Listening on LVM2 poll daemon socket.
[   16.613678] systemd[1]: Listening on Journal Audit Socket.
[[0;32m  OK  [0m] Listening on Journal Audit Socket.
[   16.622148] systemd[1]: Started Trigger resolvconf update for networkd DNS.
[[0;32m  OK  [0m] Started Trigger resolvconf update for networkd DNS.
[   16.632373] systemd[1]: Listening on Journal Socket.
[[0;32m  OK  [0m] Listening on Journal Socket.
[   16.639892] systemd[1]: Reached target User and Group Name Lookups.
[[0;32m  OK  [0m] Reached target User and Group Name Lookups.
[   16.649667] systemd[1]: Started Forward Password Requests to Wall Directory Watch.
[[0;32m  OK  [0m] Started Forward Password Requests to Wall Directory Watch.
[   16.660622] systemd[1]: Listening on udev Control Socket.
[[0;32m  OK  [0m] Listening on udev Control Socket.
[   16.669028] systemd[1]: Set up automount Arbitrary Executable File Formats File System Automount Point.
[[0;32m  OK  [0m] Set up automount Arbitrary Executab...ats File System Automount Point.
[   16.682250] systemd[1]: Created slice System Slice.
[[0;32m  OK  [0m] Created slice System Slice.
[   16.700946] systemd[1]: Starting Set console keymap...
         Starting Set console keymap...
[   16.710307] systemd[1]: Mounting Debug File System...
         Mounting Debug File System...
[   16.719381] systemd[1]: Starting Create list of required static device nodes for the current kernel...
         Starting Create list of required st... nodes for the current kernel...
[   16.742034] systemd[1]: Mounting Huge Pages File System...
         Mounting Huge Pages File System...
[   16.754435] systemd[1]: Created slice system-serial\x2dgetty.slice.
[[0;32m  OK  [0m] Created slice system-serial\x2dgetty.slice.
[   16.768345] systemd[1]: Mounting POSIX Message Queue File System...
         Mounting POSIX Message Queue File System...
[   16.785147] systemd[1]: Listening on udev Kernel Socket.
[[0;32m  OK  [0m] Listening on udev Kernel Socket.
[   16.794810] systemd[1]: Reached target Encrypted Volumes.
[[0;32m  OK  [0m] Reached target Encrypted Volumes.
[   16.829820] systemd[1]: Starting Uncomplicated firewall...
         Starting Uncomplicated firewall...
[   16.838908] systemd[1]: Listening on LVM2 metadata daemon socket.
[[0;32m  OK  [0m] Listening on LVM2 metadata daemon socket.
[   16.849150] systemd[1]: Listening on Syslog Socket.
[[0;32m  OK  [0m] Listening on Syslog Socket.
[   16.857142] systemd[1]: Reached target Swap.
[[0;32m  OK  [0m] Reached target Swap.
[   16.884432] systemd[1]: Starting Load Kernel Modules...
         Starting Load Kernel Modules...
[   16.892758] systemd[1]: Listening on fsck to fsckd communication Socket.
[[0;32m  OK  [0m] Listening on fsck to fsckd communication Socket.
[   16.904586] systemd[1]: Starting File System Check on Root Device...
         Starting File System Check on Root Device...
[   16.913955] systemd[1]: Listening on Journal Socket (/dev/log).
[[0;32m  OK  [0m] Listening on Journal Socket (/dev/log).
[   16.923958] systemd[1]: Starting Journal Service...
         Starting Journal Service...
[   16.932685] systemd[1]: Starting Monitoring of LVM2 mirrors, snapshots etc. using dmeventd or progress polling...
         Starting Monitoring of LVM2 mirrors... dmeventd or progress polling...
[   16.951972] systemd[1]: Starting Nameserver information manager...
         Starting Nameserver information manager...
[   17.027142] systemd[1]: Created slice User and Session Slice.
[[0;32m  OK  [0m] Created slice User and Session Slice.
[   17.038000] systemd[1]: Reached target Slices.
[[0;32m  OK  [0m] Reached target Slices.
[   17.045871] Loading iSCSI transport class v2.0-870.
[   17.053514] systemd[1]: Mounted Huge Pages File System.
[[0;32m  OK  [0m] Mounted Huge Pages File System.
[   17.062676] systemd[1]: Mounted POSIX Message Queue File System.
[[0;32m  OK  [0m] Mounted POSIX Message Queue File System.
[   17.076890] systemd[1]: Mounted Debug File System.
[[0;32m  OK  [0m] Mounted Debug File System.
[   17.086295] systemd[1]: Started Set console keymap.
[[0;32m  OK  [0m] Started Set console keymap.
[   17.102416] systemd[1]: Started Create list of required static device nodes for the current kernel.
[[0;32m  OK  [0m] Started Create list of required sta...ce nodes for the current kernel.
[   17.118009] systemd[1]: Started Uncomplicated firewall.
[[0;32m  OK  [0m] Started Uncomplicated firewall.
[   17.139441] systemd[1]: Started File System Check Daemon to report status.
[[0;32m  OK  [0m] Started File System Check Daemon to report status.
[   17.167523] systemd[1]: Starting Create Static Device Nodes in /dev...
         Starting Create Static Device Nodes in /dev...
[   17.192934] systemd[1]: Started Nameserver information manager.
[[0;32m  OK  [0m] Started Nameserver information manager.
[   17.214570] systemd[1]: Started Journal Service.
[[0;32m  OK  [0m] Started Journal Service.
[   17.229899] iscsi: registered transport (tcp)
[[0;32m  OK  [0m] Started File System Check on Root Device.
         Starting Remount Root and Kernel File Systems...
[   17.358194] EXT4-fs (sda1): re-mounted. Opts: (null)
[[0;32m  OK  [0m] Started Remount Root and Kernel File Systems.
         Starting Flush Journal to Persistent Storage...
         Starting udev Coldplug all Devices...
         Starting Load/Save Random Seed...
[[0;32m  OK  [0m] Started udev Coldplug all Devices.
[[0;32m  OK  [0m] Started Load/Save Random Seed.
[   17.570163] systemd-journald[377]: Received request to flush runtime journal from PID 1
[[0;32m  OK  [0m] Started Flush Journal to Persistent Storage.
[   17.621190] iscsi: registered transport (iser)
[[0;32m  OK  [0m] Started Load Kernel Modules.
         Starting Apply Kernel Variables...
         Mounting FUSE Control File System...
[[0;32m  OK  [0m] Mounted FUSE Control File System.
[[0;32m  OK  [0m] Started LVM2 metadata daemon.
[[0;32m  OK  [0m] Started Apply Kernel Variables.
[[0;32m  OK  [0m] Started Create Static Device Nodes in /dev.
         Starting udev Kernel Device Manager...
[[0;32m  OK  [0m] Started Monitoring of LVM2 mirrors,...ng dmeventd or progress polling.
[[0;32m  OK  [0m] Reached target Local File Systems (Pre).
[[0;32m  OK  [0m] Reached target Local File Systems.
         Starting Tell Plymouth To Write Out Runtime Data...
         Starting Initial cloud-init job (pre-networking)...
         Starting Create Volatile Files and Directories...
         Starting Commit a transient machine-id on disk...
         Starting Set console font and keymap...
         Starting LSB: AppArmor initialization...
[[0;32m  OK  [0m] Started Create Volatile Files and Directories.
         Starting Update UTMP about System Boot/Shutdown...
[[0;32m  OK  [0m] Started Commit a transient machine-id on disk.
[[0;32m  OK  [0m] Started Update UTMP about System Boot/Shutdown.
[[0;32m  OK  [0m] Started Tell Plymouth To Write Out Runtime Data.
[[0;32m  OK  [0m] Started udev Kernel Device Manager.
[[0;32m  OK  [0m] Started Dispatch Password Requests to Console Directory Watch.
[[0;32m  OK  [0m] Started Set console font and keymap.
[[0;32m  OK  [0m] Created slice system-getty.slice.
[[0;32m  OK  [0m] Found device /dev/ttyS0.
[[0;32m  OK  [0m] Listening on Load/Save RF Kill Switch Status /dev/rfkill Watch.
[[0;32m  OK  [0m] Started LSB: AppArmor initialization.
         Starting Load AppArmor profiles managed internally by snapd...
[[0;32m  OK  [0m] Started Load AppArmor profiles managed internally by snapd.
[   25.692232] cloud-init[463]: Cloud-init v. 21.1-19-gbad84ad4-0ubuntu1~16.04.2 running 'init-local' at Wed, 02 Mar 2022 00:56:22 +0000. Up 24.62 seconds.
[[0;32m  OK  [0m] Started Initial cloud-init job (pre-networking).
[[0;32m  OK  [0m] Reached target Network (Pre).
         Starting Raise network interfaces...
[[0;32m  OK  [0m] Started Raise network interfaces.
[[0;32m  OK  [0m] Reached target Network.
         Starting Initial cloud-init job (metadata service crawler)...
[   28.786566] cloud-init[943]: Cloud-init v. 21.1-19-gbad84ad4-0ubuntu1~16.04.2 running 'init' at Wed, 02 Mar 2022 00:56:24 +0000. Up 26.56 seconds.
[   28.792622] cloud-init[943]: ci-info: ++++++++++++++++++++++++++++++++++++++Net device info+++++++++++++++++++++++++++++++++++++++
[   28.797866] cloud-init[943]: ci-info: +--------+-------+----------------------------+---------------+--------+-------------------+
[   28.803161] cloud-init[943]: ci-info: | Device |   Up  |          Address           |      Mask     | Scope  |     Hw-Address    |
[   28.808924] cloud-init[943]: ci-info: +--------+-------+----------------------------+---------------+--------+-------------------+
[   28.814358] cloud-init[943]: ci-info: | enp0s3 |  True |         10.0.2.15          | 255.255.255.0 | global | 02:be:82:6b:cc:1d |
[   28.819968] cloud-init[943]: ci-info: | enp0s3 |  True | fe80::be:82ff:fe6b:cc1d/64 |       .       |  link  | 02:be:82:6b:cc:1d |
[   28.825873] cloud-init[943]: ci-info: | enp0s8 | False |             .              |       .       |   .    | 08:00:27:bd:f7:a1 |
[   28.831314] cloud-init[943]: ci-info: |   lo   |  True |         127.0.0.1          |   255.0.0.0   |  host  |         .         |
[   28.837405] cloud-init[943]: ci-info: |   lo   |  True |          ::1/128           |       .       |  host  |         .         |
[   28.842628] cloud-init[943]: ci-info: +--------+-------+----------------------------+---------------+--------+-------------------+
[   28.848121] cloud-init[943]: ci-info: +++++++++++++++++++++++++++Route IPv4 info++++++++++++++++++++++++++++
[   28.868037] cloud-init[943]: ci-info: +-------+-------------+----------+---------------+-----------+-------+
[   28.871595] cloud-init[943]: ci-info: | Route | Destination | Gateway  |    Genmask    | Interface | Flags |
[   28.871886] cloud-init[943]: ci-info: +-------+-------------+----------+---------------+-----------+-------+
[   28.872655] cloud-init[943]: ci-info: |   0   |   0.0.0.0   | 10.0.2.2 |    0.0.0.0    |   enp0s3  |   UG  |
[   28.873024] cloud-init[943]: ci-info: |   1   |   10.0.2.0  | 0.0.0.0  | 255.255.255.0 |   enp0s3  |   U   |
[   28.873384] cloud-init[943]: ci-info: +-------+-------------+----------+---------------+-----------+-------+
[   28.873748] cloud-init[943]: ci-info: +++++++++++++++++++Route IPv6 info+++++++++++++++++++
[   28.874127] cloud-init[943]: ci-info: +-------+-------------+---------+-----------+-------+
[   28.874484] cloud-init[943]: ci-info: | Route | Destination | Gateway | Interface | Flags |
[   28.874562] cloud-init[943]: ci-info: +-------+-------------+---------+-----------+-------+
[   28.874632] cloud-init[943]: ci-info: |   0   |  fe80::/64  |    ::   |   enp0s3  |   U   |
[   28.875132] cloud-init[943]: ci-info: |   3   |   ff00::/8  |    ::   |   enp0s3  |   U   |
[   28.875456] cloud-init[943]: ci-info: +-------+-------------+---------+-----------+-------+
[   28.875850] cloud-init[943]: Generating public/private rsa key pair.
[   28.876607] cloud-init[943]: Your identification has been saved in /etc/ssh/ssh_host_rsa_key.
[   28.877072] cloud-init[943]: Your public key has been saved in /etc/ssh/ssh_host_rsa_key.pub.
[   28.877213] cloud-init[943]: The key fingerprint is:
[   28.877744] cloud-init[943]: SHA256:oIps2eZvgUOhckfkCc+Vhh5ES/EQdWBFaVtS351Z6vY root@ubuntu-xenial
[   28.878093] cloud-init[943]: The key's randomart image is:
[   28.878165] cloud-init[943]: +---[RSA 2048]----+
[   28.878594] cloud-init[943]: |  .+O===+o.     .|
[   28.878664] cloud-init[943]: |   B+Bo.+ .. . o+|
[   28.879071] cloud-init[943]: |  .oBoo. +  . oo.|
[   28.879418] cloud-init[943]: |....o. ..    .   |
[   28.879807] cloud-init[943]: |....o   S     o  |
[   28.880575] cloud-init[943]: |..o+ .       . . |
[   28.880946] cloud-init[943]: |.+.o. .         E|
[   28.881310] cloud-init[943]: |. o  .           |
[   28.881678] cloud-init[943]: |   .o.           |
[   28.882104] cloud-init[943]: +----[SHA256]-----+
[   28.882510] cloud-init[943]: Generating public/private dsa key pair.
[   28.882871] cloud-init[943]: Your identification has been saved in /etc/ssh/ssh_host_dsa_key.
[   28.883231] cloud-init[943]: Your public key has been saved in /etc/ssh/ssh_host_dsa_key.pub.
[   28.883599] cloud-init[943]: The key fingerprint is:
[   28.883971] cloud-init[943]: SHA256:LmSQ9kXz9E2FyaW06WRbAgcOTsv7n2/SUW17LVnmJMM root@ubuntu-xenial
[   28.884790] cloud-init[943]: The key's randomart image is:
[   28.885154] cloud-init[943]: +---[DSA 1024]----+
[   28.885521] cloud-init[943]: |        o + oo+=o|
[   28.885893] cloud-init[943]: |     . . B = *++ |
[   28.885967] cloud-init[943]: |    +   . = o.O o|
[   28.886035] cloud-init[943]: |   . o .   . +E+B|
[   28.886100] cloud-init[943]: |      + S .   oX+|
[   28.886501] cloud-init[943]: |     o .   .  oo+|
[   28.886892] cloud-init[943]: |      . .   .  oo|
[   28.887258] cloud-init[943]: |       .     ...o|
[   28.887649] cloud-init[943]: |              o+.|
[   28.888160] cloud-init[943]: +----[SHA256]-----+
[   28.888427] cloud-init[943]: Generating public/private ecdsa key pair.
[   28.888802] cloud-init[943]: Your identification has been saved in /etc/ssh/ssh_host_ecdsa_key.
[   28.889166] cloud-init[943]: Your public key has been saved in /etc/ssh/ssh_host_ecdsa_key.pub.
[   28.889568] cloud-init[943]: The key fingerprint is:
[   28.889893] cloud-init[943]: SHA256:gohMXE4cP1goGD0hA+JZJ2Gl5SP+wIwnjB0zMiQxZ6c root@ubuntu-xenial
[   28.889962] cloud-init[943]: The key's randomart image is:
[   28.890030] cloud-init[943]: +---[ECDSA 256]---+
[   28.890100] cloud-init[943]: |%==X*=           |
[   28.890511] cloud-init[943]: |BBX=X            |
[   28.890869] cloud-init[943]: |o=E* =           |
[   28.891219] cloud-init[943]: |====..o          |
[   28.891592] cloud-init[943]: |o=o*. . S        |
[   28.891658] cloud-init[943]: |  o o  .         |
[   28.892521] cloud-init[943]: |     .           |
[   28.892879] cloud-init[943]: |                 |
[   28.893246] cloud-init[943]: |                 |
[   28.893620] cloud-init[943]: +----[SHA256]-----+
[   28.893982] cloud-init[943]: Generating public/private ed25519 key pair.
[   28.894354] cloud-init[943]: Your identification has been saved in /etc/ssh/ssh_host_ed25519_key.
[   28.894734] cloud-init[943]: Your public key has been saved in /etc/ssh/ssh_host_ed25519_key.pub.
[   28.895096] cloud-init[943]: The key fingerprint is:
[   28.895470] cloud-init[943]: SHA256:SjWZzGAXjda5QiHdMRG66D6Eqd9p624tTlQ7LKh7uJw root@ubuntu-xenial
[   28.895833] cloud-init[943]: The key's randomart image is:
[   28.896649] cloud-init[943]: +--[ED25519 256]--+
[   28.896998] cloud-init[943]: |      +.+B==     |
[   28.995789] cloud-init[943]: |     . *=+=.     |
[   28.996638] cloud-init[943]: |       oX  .     |
[   28.996897] cloud-init[943]: |     . =.+.      |
[   28.997252] cloud-init[943]: |    .o= S.       |
[   28.997614] cloud-init[943]: |   .o+.o .       |
[   28.997987] cloud-init[943]: |  .o .+.         |
[   28.998353] cloud-init[943]: | .oo.+=..        |
[   28.998714] cloud-init[943]: |  E+.*O+         |
[   28.999086] cloud-init[943]: +----[SHA256]-----+
[[0;32m  OK  [0m] Started Initial cloud-init job (metadata service crawler).
[[0;32m  OK  [0m] Reached target Network is Online.
         Starting iSCSI initiator daemon (iscsid)...
[[0;32m  OK  [0m] Reached target System Initialization.
[[0;32m  OK  [0m] Started Message of the Day.
         Starting Socket activation for snappy daemon.
[[0;32m  OK  [0m] Started Daily Cleanup of Temporary Directories.
[[0;32m  OK  [0m] Listening on D-Bus System Message Bus Socket.
[[0;32m  OK  [0m] Listening on UUID daemon activation socket.
         Starting LXD - unix socket.
[[0;32m  OK  [0m] Started Daily apt download activities.
[[0;32m  OK  [0m] Started Daily apt upgrade and clean activities.
[[0;32m  OK  [0m] Started Ubuntu Advantage update messaging.
[[0;32m  OK  [0m] Started ACPI Events Check.
[[0;32m  OK  [0m] Reached target Paths.
[[0;32m  OK  [0m] Listening on ACPID Listen Socket.
[[0;32m  OK  [0m] Reached target Timers.
[[0;32m  OK  [0m] Reached target Cloud-config availability.
[[0;32m  OK  [0m] Listening on Socket activation for snappy daemon.
[[0;32m  OK  [0m] Listening on LXD - unix socket.
[[0;32m  OK  [0m] Reached target Sockets.
[[0;32m  OK  [0m] Reached target Basic System.
         Starting LSB: Record successful boot for GRUB...
         Starting LXD - container startup/shutdown...
[[0;32m  OK  [0m] Started Regular background program processing daemon.
[[0;32m  OK  [0m] Started Deferred execution scheduler.
         Starting LSB: MD monitoring daemon...
         Starting System Logging Service...
         Starting Pollinate to seed the pseudo random number generator...
         Starting Snap Daemon...
         Starting /etc/rc.local Compatibility...
[[0;32m  OK  [0m] Started ACPI event daemon.
         Starting Virtualbox guest utils...
[[0;32m  OK  [0m] Started D-Bus System Message Bus.
         Starting Accounts Service...
[[0;32m  OK  [0m] Started FUSE filesystem for LXC.
         Starting Login Service...
[[0;32m  OK  [0m] Started System Logging Service.
[[0;32m  OK  [0m] Started iSCSI initiator daemon (iscsid).
[[0;32m  OK  [0m] Started /etc/rc.local Compatibility.
         Starting Login to default iSCSI targets...
[[0;32m  OK  [0m] Started Login Service.
[[0;32m  OK  [0m] Started Unattended Upgrades Shutdown.
[[0;32m  OK  [0m] Started Login to default iSCSI targets.
[[0;32m  OK  [0m] Reached target Remote File Systems (Pre).
[[0;32m  OK  [0m] Reached target Remote File Systems.
         Starting LSB: daemon to balance interrupts for SMP systems...
         Starting LSB: automatic crash report generation...
         Starting LSB: Set the CPU Frequency Scaling governor to "ondemand"...
         Starting Permit User Sessions...
[[0;32m  OK  [0m] Started LSB: Set the CPU Frequency Scaling governor to "ondemand".
[[0;32m  OK  [0m] Started Permit User Sessions.
         Starting Terminate Plymouth Boot Screen...
         Starting Hold until boot process finishes up...
[[0;32m  OK  [0m] Started Hold until boot process finishes up.
[[0;32m  OK  [0m] Started Terminate Plymouth Boot Screen.
         Starting Set console scheme...
[[0;32m  OK  [0m] Started Serial Getty on ttyS0.
[[0;32m  OK  [0m] Started Getty on tty1.
[[0;32m  OK  [0m] Reached target Login Prompts.
[[0;32m  OK  [0m] Started LSB: MD monitoring daemon.
[[0;32m  OK  [0m] Started Set console scheme.
[[0;32m  OK  [0m] Started LSB: Record successful boot for GRUB.
[[0;32m  OK  [0m] Started LSB: daemon to balance interrupts for SMP systems.
[[0;32m  OK  [0m] Started LSB: automatic crash report generation.
[[0;32m  OK  [0m] Started Virtualbox guest utils.
         Starting Authenticate and Authorize Users to Run Privileged Tasks...
[[0;32m  OK  [0m] Started Authenticate and Authorize Users to Run Privileged Tasks.
[[0;32m  OK  [0m] Started Accounts Service.
[[0;32m  OK  [0m] Started Pollinate to seed the pseudo random number generator.
         Starting OpenBSD Secure Shell server...
[[0;32m  OK  [0m] Started OpenBSD Secure Shell server.
[[0;32m  OK  [0m] Started LXD - container startup/shutdown.
[[0;32m  OK  [0m] Created slice User Slice of vagrant.
         Starting User Manager for UID 1000...
[[0;32m  OK  [0m] Started Snap Daemon.
[[0;32m  OK  [0m] Started Session 1 of user vagrant.
         Starting Wait until snapd is fully seeded...
[[0;32m  OK  [0m] Started User Manager for UID 1000.

Ubuntu 16.04.7 LTS ubuntu-xenial ttyS0

ubuntu-xenial login: [   47.818947] cloud-init[1888]: Generating locales (this might take a while)...
[   49.747416] cloud-init[1888]:   en_US.UTF-8... done
[   49.752370] cloud-init[1888]: Generation complete.
[   52.029674] cloud-init[1888]: Cloud-init v. 21.1-19-gbad84ad4-0ubuntu1~16.04.2 running 'modules:config' at Wed, 02 Mar 2022 00:56:45 +0000. Up 47.11 seconds.
ci-info: no authorized SSH keys fingerprints found for user ubuntu.
<14>Mar  2 00:56:50 ec2: 
<14>Mar  2 00:56:50 ec2: #############################################################
<14>Mar  2 00:56:50 ec2: -----BEGIN SSH HOST KEY FINGERPRINTS-----
<14>Mar  2 00:56:50 ec2: 1024 SHA256:LmSQ9kXz9E2FyaW06WRbAgcOTsv7n2/SUW17LVnmJMM root@ubuntu-xenial (DSA)
<14>Mar  2 00:56:50 ec2: 256 SHA256:gohMXE4cP1goGD0hA+JZJ2Gl5SP+wIwnjB0zMiQxZ6c root@ubuntu-xenial (ECDSA)
<14>Mar  2 00:56:50 ec2: 256 SHA256:SjWZzGAXjda5QiHdMRG66D6Eqd9p624tTlQ7LKh7uJw root@ubuntu-xenial (ED25519)
<14>Mar  2 00:56:50 ec2: 2048 SHA256:oIps2eZvgUOhckfkCc+Vhh5ES/EQdWBFaVtS351Z6vY root@ubuntu-xenial (RSA)
<14>Mar  2 00:56:50 ec2: -----END SSH HOST KEY FINGERPRINTS-----
<14>Mar  2 00:56:50 ec2: #############################################################
-----BEGIN SSH HOST KEY KEYS-----
ecdsa-sha2-nistp256 AAAAE2VjZHNhLXNoYTItbmlzdHAyNTYAAAAIbmlzdHAyNTYAAABBBDf7z2viMWxVEOQhJ644e/N4tPtupXZwmm0y3M/gdqKFlMLTXB2W3t2yUdutU/AsiEH0nDGoplCI8XQKwPlbMIQ= root@ubuntu-xenial
ssh-ed25519 AAAAC3NzaC1lZDI1NTE5AAAAIAleY0j4ka5sZq/FDchXd5asbpKQZ6L3lVKBiVnF+wUC root@ubuntu-xenial
ssh-rsa AAAAB3NzaC1yc2EAAAADAQABAAABAQDleOF3wyPrAdm/Yzo9Feam/gCuV11MImlM1ileODHWnFV3jPFWhlgM/6jmKDEVbMXns/USf0B15yiYlyopP6mSGZrFL0y/3LNIjX1sQuIwYCOhugjzZjQEnu67w9BeQtvWbFtzhZLSPrQdJ8Ar+NsXmKWzqCF3wYhD0xU1axtbbDhJCmWbKhtnTQRO9blg4VfUUnxdbWZ87vo9TuOwcP1fBgWW6RSCa25l6KSFs3Hojz8QWaE2VXkooEz2K5/B1uw5a70c3hv0ub6FjeZBgpp1mTtEbWscxisQCJUwRon7HCNMW95HOm+L6yUnsQW+g/QThUT2lBqQq59fWX2h2GMz root@ubuntu-xenial
-----END SSH HOST KEY KEYS-----
[   52.764361] cloud-init[2201]: Cloud-init v. 21.1-19-gbad84ad4-0ubuntu1~16.04.2 running 'modules:final' at Wed, 02 Mar 2022 00:56:50 +0000. Up 52.32 seconds.
[   52.771295] cloud-init[2201]: ci-info: no authorized SSH keys fingerprints found for user ubuntu.
[   52.777071] cloud-init[2201]: Cloud-init v. 21.1-19-gbad84ad4-0ubuntu1~16.04.2 finished at Wed, 02 Mar 2022 00:56:50 +0000. Datasource DataSourceNoCloud [seed=/dev/sdb][dsmode=net].  Up 52.72 seconds
                                                                                                                                                                                                                                                                                                                                                                                                                                                                                                                                                                                                                                                                                                                                                                                                                                                                                                                                                                                                                                                                                                                                                                                                                                                                                                                                                                                                                                                                                                                                                                                                                                                                                                                                                                                                                                                                                                                                                                                                                                                                                                                                                                                                                            [251066.816924] e1000 0000:00:03.0 enp0s3: Reset adapter
[251399.808267] e1000 0000:00:03.0 enp0s3: Reset adapter
[251946.817098] e1000 0000:00:03.0 enp0s3: Reset adapter
[253408.817149] e1000 0000:00:03.0 enp0s3: Reset adapter
[254871.809074] e1000 0000:00:03.0 enp0s3: Reset adapter
[256333.808871] e1000 0000:00:03.0 enp0s3: Reset adapter
[257802.817013] e1000 0000:00:03.0 enp0s3: Reset adapter
[259231.808415] e1000 0000:00:03.0 enp0s3: Reset adapter
[260673.809391] e1000 0000:00:03.0 enp0s3: Reset adapter
[262156.817331] e1000 0000:00:03.0 enp0s3: Reset adapter
